<?xml version="1.0" encoding="UTF-8"?>
<!-- Generated by org.testng.reporters.JUnitXMLReporter -->
<testsuite ignored="0" hostname="Vanithamanis-MacBook-Pro.local" failures="0" tests="5" name="Regression" time="81.265" errors="0" timestamp="2022-07-14T10:54:46 IST">
  <testcase classname="com.TestCases.HomePageNavigation" name="homePage" time="21.58"/>
  <testcase classname="com.TestCases.HomePageNavigation" name="homePage" time="13.731"/>
  <testcase classname="com.TestCases.ResetingPassword" name="resetingPassword" time="18.593"/>
  <testcase classname="com.TestCases.ValidatingCenterText" name="validatingHomePage" time="9.512"/>
  <testcase classname="com.TestCases.ValidatingNavBar" name="validatingNavBar" time="17.83"/>
</testsuite> <!-- Regression -->
